2016-08-17 14:33:14 1592 [Note] Plugin 'FEDERATED' is disabled.
2016-08-17 14:33:14 1592 [Note] InnoDB: The InnoDB memory heap is disabled
2016-08-17 14:33:14 1592 [Note] InnoDB: Mutexes and rw_locks use Windows interlocked functions
2016-08-17 14:33:14 1592 [Note] InnoDB: Compressed tables use zlib 1.2.3
2016-08-17 14:33:14 1592 [Note] InnoDB: Not using CPU crc32 instructions
2016-08-17 14:33:14 1592 [Note] InnoDB: Initializing buffer pool, size = 128.0M
2016-08-17 14:33:14 1592 [Note] InnoDB: Completed initialization of buffer pool
2016-08-17 14:33:15 1592 [Note] InnoDB: Highest supported file format is Barracuda.
2016-08-17 14:33:15 1592 [Note] InnoDB: The log sequence numbers 1626134 and 1626134 in ibdata files do not match the log sequence number 2474546 in the ib_logfiles!
2016-08-17 14:33:15 1592 [Note] InnoDB: Database was not shutdown normally!
2016-08-17 14:33:15 1592 [Note] InnoDB: Starting crash recovery.
2016-08-17 14:33:15 1592 [Note] InnoDB: Reading tablespace information from the .ibd files...
2016-08-17 14:33:15 1592 [Note] InnoDB: Restoring possible half-written data pages 
2016-08-17 14:33:15 1592 [Note] InnoDB: from the doublewrite buffer...
2016-08-17 14:33:16 1592 [Note] InnoDB: 128 rollback segment(s) are active.
2016-08-17 14:33:16 1592 [Note] InnoDB: Waiting for purge to start
2016-08-17 14:33:16 1592 [Note] InnoDB: 5.6.13 started; log sequence number 2474546
2016-08-17 14:33:16 1592 [Note] Server hostname (bind-address): '*'; port: 3307
2016-08-17 14:33:19 1592 [Note] IPv6 is not available.
2016-08-17 14:33:19 1592 [Note]   - '0.0.0.0' resolves to '0.0.0.0';
2016-08-17 14:33:19 1592 [Note] Server socket created on IP: '0.0.0.0'.
2016-08-17 14:33:20 1592 [Note] Event Scheduler: Loaded 0 events
2016-08-17 14:33:20 1592 [Note] C:\Documents and Settings\Administrator\Desktop\USBWebserver v8.6/mysql/bin/mysqld_usbwv8.exe: ready for connections.
Version: '5.6.13'  socket: ''  port: 3307  MySQL Community Server (GPL)
