2024-09-15 22:00:02 22116 [Note] Plugin 'FEDERATED' is disabled.
2024-09-15 22:00:02 22116 [Note] InnoDB: The InnoDB memory heap is disabled
2024-09-15 22:00:02 22116 [Note] InnoDB: Mutexes and rw_locks use Windows interlocked functions
2024-09-15 22:00:03 22116 [Note] InnoDB: Compressed tables use zlib 1.2.3
2024-09-15 22:00:03 22116 [Note] InnoDB: Not using CPU crc32 instructions
2024-09-15 22:00:03 22116 [Note] InnoDB: Initializing buffer pool, size = 128.0M
2024-09-15 22:00:03 22116 [Note] InnoDB: Completed initialization of buffer pool
2024-09-15 22:00:03 22116 [Note] InnoDB: Highest supported file format is Barracuda.
2024-09-15 22:00:03 22116 [Note] InnoDB: The log sequence numbers 1626134 and 1626134 in ibdata files do not match the log sequence number 3173731 in the ib_logfiles!
2024-09-15 22:00:03 22116 [Note] InnoDB: Database was not shutdown normally!
2024-09-15 22:00:03 22116 [Note] InnoDB: Starting crash recovery.
2024-09-15 22:00:03 22116 [Note] InnoDB: Reading tablespace information from the .ibd files...
2024-09-15 22:00:03 22116 [Note] InnoDB: Restoring possible half-written data pages 
2024-09-15 22:00:03 22116 [Note] InnoDB: from the doublewrite buffer...
2024-09-15 22:00:03 22116 [Note] InnoDB: 128 rollback segment(s) are active.
2024-09-15 22:00:03 22116 [Note] InnoDB: Waiting for purge to start
2024-09-15 22:00:03 22116 [Note] InnoDB: 5.6.13 started; log sequence number 3173731
2024-09-15 22:00:03 22116 [Note] Server hostname (bind-address): '*'; port: 3307
2024-09-15 22:00:03 22116 [Note] IPv6 is available.
2024-09-15 22:00:03 22116 [Note]   - '::' resolves to '::';
2024-09-15 22:00:03 22116 [Note] Server socket created on IP: '::'.
2024-09-16 05:40:55 7180 [Note] Plugin 'FEDERATED' is disabled.
2024-09-16 05:40:55 7180 [Note] InnoDB: The InnoDB memory heap is disabled
2024-09-16 05:40:55 7180 [Note] InnoDB: Mutexes and rw_locks use Windows interlocked functions
2024-09-16 05:40:55 7180 [Note] InnoDB: Compressed tables use zlib 1.2.3
2024-09-16 05:40:55 7180 [Note] InnoDB: Not using CPU crc32 instructions
2024-09-16 05:40:55 7180 [Note] InnoDB: Initializing buffer pool, size = 128.0M
2024-09-16 05:40:55 7180 [Note] InnoDB: Completed initialization of buffer pool
2024-09-16 05:40:55 7180 [ERROR] InnoDB: C:\Users\admin\Desktop\Web_Buoi4\USBWebserver v8.6\mysql\data\ibdata1 can't be opened in read-write mode
2024-09-16 05:40:55 7180 [ERROR] InnoDB: The system tablespace must be writable!
2024-09-16 05:40:55 7180 [ERROR] Plugin 'InnoDB' init function returned error.
2024-09-16 05:40:55 7180 [ERROR] Plugin 'InnoDB' registration as a STORAGE ENGINE failed.
2024-09-16 05:40:55 7180 [ERROR] Unknown/unsupported storage engine: InnoDB
2024-09-16 05:40:55 7180 [ERROR] Aborting

2024-09-16 05:40:55 7180 [Note] Binlog end
2024-09-16 05:40:55 7180 [Note] Shutting down plugin 'partition'
2024-09-16 05:40:55 7180 [Note] Shutting down plugin 'PERFORMANCE_SCHEMA'
2024-09-16 05:40:55 7180 [Note] Shutting down plugin 'INNODB_SYS_DATAFILES'
2024-09-16 05:40:55 7180 [Note] Shutting down plugin 'INNODB_SYS_TABLESPACES'
2024-09-16 05:40:55 7180 [Note] Shutting down plugin 'INNODB_SYS_FOREIGN_COLS'
2024-09-16 05:40:55 7180 [Note] Shutting down plugin 'INNODB_SYS_FOREIGN'
2024-09-16 05:40:55 7180 [Note] Shutting down plugin 'INNODB_SYS_FIELDS'
2024-09-16 05:40:55 7180 [Note] Shutting down plugin 'INNODB_SYS_COLUMNS'
2024-09-16 05:40:55 7180 [Note] Shutting down plugin 'INNODB_SYS_INDEXES'
2024-09-16 05:40:55 7180 [Note] Shutting down plugin 'INNODB_SYS_TABLESTATS'
2024-09-16 05:40:55 7180 [Note] Shutting down plugin 'INNODB_SYS_TABLES'
2024-09-16 05:40:55 7180 [Note] Shutting down plugin 'INNODB_FT_INDEX_TABLE'
2024-09-16 05:40:55 7180 [Note] Shutting down plugin 'INNODB_FT_INDEX_CACHE'
2024-09-16 05:40:55 7180 [Note] Shutting down plugin 'INNODB_FT_CONFIG'
2024-09-16 05:40:55 7180 [Note] Shutting down plugin 'INNODB_FT_BEING_DELETED'
2024-09-16 05:40:55 7180 [Note] Shutting down plugin 'INNODB_FT_DELETED'
2024-09-16 05:40:55 7180 [Note] Shutting down plugin 'INNODB_FT_DEFAULT_STOPWORD'
2024-09-16 05:40:55 7180 [Note] Shutting down plugin 'INNODB_METRICS'
2024-09-16 05:40:55 7180 [Note] Shutting down plugin 'INNODB_BUFFER_POOL_STATS'
2024-09-16 05:40:55 7180 [Note] Shutting down plugin 'INNODB_BUFFER_PAGE_LRU'
2024-09-16 05:40:55 7180 [Note] Shutting down plugin 'INNODB_BUFFER_PAGE'
2024-09-16 05:40:55 7180 [Note] Shutting down plugin 'INNODB_CMP_PER_INDEX_RESET'
2024-09-16 05:40:55 7180 [Note] Shutting down plugin 'INNODB_CMP_PER_INDEX'
2024-09-16 05:40:55 7180 [Note] Shutting down plugin 'INNODB_CMPMEM_RESET'
2024-09-16 05:40:55 7180 [Note] Shutting down plugin 'INNODB_CMPMEM'
2024-09-16 05:40:55 7180 [Note] Shutting down plugin 'INNODB_CMP_RESET'
2024-09-16 05:40:55 7180 [Note] Shutting down plugin 'INNODB_CMP'
2024-09-16 05:40:55 7180 [Note] Shutting down plugin 'INNODB_LOCK_WAITS'
2024-09-16 05:40:55 7180 [Note] Shutting down plugin 'INNODB_LOCKS'
2024-09-16 05:40:55 7180 [Note] Shutting down plugin 'INNODB_TRX'
2024-09-16 05:40:55 7180 [Note] Shutting down plugin 'BLACKHOLE'
2024-09-16 05:40:55 7180 [Note] Shutting down plugin 'ARCHIVE'
2024-09-16 05:40:55 7180 [Note] Shutting down plugin 'MRG_MYISAM'
2024-09-16 05:40:55 7180 [Note] Shutting down plugin 'MyISAM'
2024-09-16 05:40:55 7180 [Note] Shutting down plugin 'MEMORY'
2024-09-16 05:40:55 7180 [Note] Shutting down plugin 'CSV'
2024-09-16 05:40:55 7180 [Note] Shutting down plugin 'sha256_password'
2024-09-16 05:40:55 7180 [Note] Shutting down plugin 'mysql_old_password'
2024-09-16 05:40:55 7180 [Note] Shutting down plugin 'mysql_native_password'
2024-09-16 05:40:55 7180 [Note] Shutting down plugin 'binlog'
2024-09-16 05:40:55 7180 [Note] C:\Users\admin\Desktop\Web_Buoi4\USBWebserver v8.6/mysql/bin/mysqld_usbwv8.exe: Shutdown complete

